SF:lib\player_info.dart
DA:12,2
DA:14,1
DA:16,1
DA:18,1
DA:20,1
DA:23,0
DA:31,0
DA:34,0
DA:35,0
DA:50,0
DA:51,0
DA:52,0
DA:56,0
DA:57,0
DA:58,0
DA:59,0
DA:62,0
DA:63,0
DA:64,0
DA:65,0
DA:66,0
DA:67,0
DA:68,0
DA:69,0
DA:70,0
DA:72,0
DA:73,0
DA:74,0
DA:75,0
DA:82,0
DA:84,0
DA:85,0
DA:86,0
DA:88,0
DA:89,0
DA:91,0
DA:92,0
DA:93,0
DA:94,0
DA:98,0
DA:99,0
DA:103,0
DA:104,0
DA:109,0
DA:110,0
DA:113,0
DA:117,0
DA:118,0
DA:123,0
DA:124,0
DA:128,0
DA:132,0
DA:133,0
DA:138,0
DA:139,0
DA:144,0
DA:145,0
DA:148,0
DA:150,0
DA:152,0
DA:153,0
DA:154,0
DA:156,0
DA:159,0
DA:160,0
DA:164,0
DA:165,0
DA:168,0
DA:173,0
DA:174,0
DA:175,0
DA:177,0
DA:181,0
DA:182,0
DA:186,0
DA:187,0
DA:190,0
DA:198,0
DA:199,0
DA:200,0
LF:80
LH:5
end_of_record
SF:lib\CustomUser.dart
DA:12,0
DA:15,0
DA:19,0
DA:20,0
DA:22,0
DA:23,0
DA:24,0
DA:25,0
DA:26,0
DA:27,0
DA:28,0
DA:29,0
DA:30,0
DA:34,0
DA:35,0
DA:36,0
DA:37,0
DA:38,0
DA:39,0
DA:40,0
DA:41,0
DA:42,0
LF:22
LH:0
end_of_record
SF:lib\BirthdayForm.dart
DA:6,0
DA:8,0
DA:9,0
DA:15,0
DA:16,0
DA:18,0
DA:19,0
DA:20,0
DA:23,0
DA:24,0
DA:25,0
DA:28,0
DA:32,0
DA:34,0
DA:35,0
DA:36,0
DA:37,0
DA:38,0
DA:39,0
LF:19
LH:0
end_of_record
SF:lib\Display_users.dart
DA:10,0
DA:12,0
DA:14,0
DA:15,0
DA:16,0
DA:17,0
DA:18,0
DA:19,0
DA:20,0
DA:22,0
DA:25,0
DA:27,0
DA:30,0
DA:31,0
DA:32,0
DA:36,0
DA:38,0
DA:40,0
DA:41,0
DA:42,0
DA:43,0
DA:44,0
DA:45,0
DA:47,0
DA:52,0
DA:53,0
DA:54,0
DA:55,0
DA:56,0
DA:57,0
DA:58,0
DA:61,0
DA:62,0
DA:65,0
DA:66,0
DA:67,0
DA:71,0
DA:73,0
DA:74,0
DA:75,0
DA:76,0
DA:77,0
DA:79,0
DA:80,0
DA:83,0
DA:84,0
DA:101,0
DA:103,0
DA:104,0
DA:111,0
DA:112,0
DA:113,0
DA:114,0
DA:115,0
DA:116,0
DA:117,0
DA:118,0
DA:119,0
DA:120,0
DA:121,0
DA:123,0
DA:127,0
DA:131,0
DA:133,0
DA:135,0
DA:137,0
DA:139,0
DA:140,0
DA:141,0
DA:142,0
DA:143,0
DA:144,0
DA:145,0
DA:148,0
DA:149,0
DA:152,0
DA:153,0
DA:154,0
DA:158,0
DA:160,0
DA:161,0
DA:162,0
DA:163,0
DA:164,0
DA:165,0
DA:166,0
DA:167,0
DA:168,0
DA:169,0
DA:170,0
DA:173,0
DA:174,0
DA:182,0
DA:183,0
DA:184,0
DA:185,0
DA:186,0
DA:201,0
DA:205,0
DA:206,0
DA:208,0
DA:210,0
DA:215,0
LF:103
LH:0
end_of_record
SF:lib\RegistrationScreen.dart
DA:7,0
DA:8,0
DA:19,0
DA:21,0
DA:22,0
DA:23,0
DA:25,0
DA:27,0
DA:28,0
DA:29,0
DA:32,0
DA:33,0
DA:34,0
DA:35,0
DA:37,0
DA:38,0
DA:39,0
DA:41,0
DA:42,0
DA:43,0
DA:47,0
DA:48,0
DA:52,0
DA:54,0
DA:55,0
DA:56,0
DA:58,0
DA:59,0
DA:60,0
DA:61,0
DA:62,0
DA:64,0
DA:65,0
DA:66,0
DA:69,0
DA:70,0
DA:75,0
DA:76,0
DA:77,0
DA:81,0
DA:82,0
DA:84,0
DA:87,0
DA:88,0
DA:91,0
DA:96,0
DA:97,0
DA:98,0
DA:102,0
DA:103,0
DA:104,0
DA:106,0
DA:107,0
DA:113,0
DA:114,0
LF:55
LH:0
end_of_record
SF:lib\Test.dart
DA:14,0
DA:15,0
DA:17,0
DA:24,0
DA:26,0
DA:27,0
DA:36,0
DA:38,0
DA:39,0
DA:40,0
DA:41,0
DA:42,0
DA:43,0
DA:45,0
DA:46,0
DA:47,0
DA:48,0
DA:52,0
DA:54,0
DA:56,0
DA:57,0
DA:58,0
DA:60,0
DA:61,0
DA:62,0
DA:63,0
DA:64,0
DA:65,0
DA:66,0
DA:67,0
DA:68,0
DA:73,0
DA:74,0
DA:76,0
DA:77,0
DA:78,0
DA:79,0
DA:80,0
DA:81,0
DA:82,0
DA:83,0
DA:84,0
DA:98,0
DA:101,0
DA:102,0
DA:108,0
DA:110,0
DA:111,0
DA:112,0
DA:115,0
DA:117,0
DA:119,0
DA:120,0
DA:123,0
DA:125,0
DA:126,0
DA:127,0
DA:128,0
DA:129,0
DA:130,0
DA:131,0
DA:132,0
DA:137,0
DA:139,0
DA:140,0
DA:141,0
DA:142,0
DA:143,0
DA:144,0
DA:145,0
DA:149,0
DA:150,0
DA:151,0
DA:152,0
DA:153,0
DA:154,0
DA:155,0
DA:156,0
DA:160,0
DA:161,0
DA:162,0
DA:163,0
DA:164,0
DA:165,0
DA:166,0
DA:167,0
DA:171,0
DA:172,0
DA:173,0
DA:174,0
DA:175,0
DA:176,0
DA:177,0
DA:178,0
DA:182,0
DA:199,0
DA:200,0
DA:204,0
DA:205,0
DA:206,0
DA:213,0
DA:217,0
DA:219,0
DA:220,0
DA:221,0
DA:226,0
DA:227,0
DA:228,0
DA:234,0
DA:235,0
DA:236,0
DA:242,0
DA:244,0
DA:245,0
DA:246,0
DA:247,0
DA:248,0
DA:252,0
DA:253,0
DA:256,0
DA:257,0
DA:261,0
DA:265,0
DA:266,0
DA:269,0
DA:270,0
DA:276,0
DA:278,0
DA:279,0
DA:280,0
DA:282,0
DA:288,0
DA:289,0
DA:290,0
DA:291,0
DA:302,0
DA:304,0
DA:305,0
DA:306,0
DA:307,0
DA:311,0
DA:312,0
DA:317,0
DA:318,0
DA:319,0
DA:325,0
DA:327,0
DA:328,0
DA:329,0
DA:330,0
DA:331,0
DA:335,0
DA:336,0
DA:339,0
DA:340,0
DA:344,0
DA:347,0
DA:348,0
DA:351,0
DA:352,0
DA:358,0
DA:360,0
DA:361,0
DA:362,0
DA:364,0
DA:365,0
DA:367,0
DA:374,0
DA:375,0
DA:376,0
DA:378,0
DA:381,0
DA:382,0
DA:383,0
DA:384,0
DA:397,0
DA:399,0
DA:401,0
DA:406,0
DA:408,0
DA:410,0
DA:411,0
DA:412,0
DA:415,0
DA:418,0
DA:419,0
DA:420,0
DA:421,0
DA:426,0
DA:429,0
DA:432,0
DA:438,0
DA:440,0
DA:441,0
DA:443,0
DA:444,0
DA:445,0
DA:446,0
DA:448,0
DA:449,0
DA:452,0
DA:453,0
DA:454,0
DA:461,0
DA:463,0
DA:464,0
DA:465,0
DA:471,0
DA:472,0
DA:480,0
DA:482,0
DA:483,0
DA:484,0
DA:485,0
DA:487,0
DA:491,0
DA:492,0
DA:493,0
DA:494,0
DA:498,0
DA:499,0
DA:500,0
DA:501,0
DA:505,0
DA:507,0
DA:508,0
DA:509,0
DA:510,0
DA:511,0
DA:512,0
DA:513,0
DA:515,0
DA:517,0
DA:518,0
DA:519,0
DA:520,0
DA:521,0
DA:524,0
DA:548,0
DA:550,0
DA:551,0
LF:241
LH:0
end_of_record
SF:lib\custom_icons.dart
DA:19,0
LF:1
LH:0
end_of_record
SF:lib\main.dart
DA:10,0
DA:11,0
DA:12,0
DA:13,0
DA:17,1
DA:20,0
DA:29,3
DA:31,0
DA:32,0
DA:37,0
DA:38,0
DA:42,0
DA:44,0
DA:45,0
DA:46,0
DA:47,0
DA:48,0
DA:49,0
DA:60,0
DA:62,0
DA:63,0
DA:68,0
DA:72,0
DA:76,0
DA:77,0
DA:78,0
DA:79,0
DA:80,0
DA:81,0
DA:84,0
DA:89,0
DA:93,0
DA:96,0
DA:98,0
DA:99,0
DA:100,0
DA:101,0
DA:105,0
DA:113,0
DA:116,0
DA:117,0
DA:118,0
DA:120,0
DA:122,0
DA:123,0
DA:126,0
DA:127,0
DA:128,0
DA:132,0
DA:139,0
DA:140,0
DA:141,0
DA:143,0
DA:144,0
DA:147,0
DA:159,0
DA:172,0
DA:182,0
DA:183,0
DA:184,0
DA:186,0
DA:187,0
DA:189,0
DA:196,0
DA:197,0
DA:198,0
DA:199,0
DA:203,0
DA:204,0
DA:205,0
DA:206,0
DA:207,0
DA:223,0
DA:225,0
DA:229,0
DA:230,0
DA:231,0
DA:232,0
DA:233,0
DA:234,0
DA:236,0
DA:239,0
DA:240,0
DA:241,0
DA:242,0
DA:244,0
DA:245,0
DA:246,0
DA:248,0
DA:250,0
DA:251,0
DA:257,0
DA:258,0
DA:265,0
DA:268,0
DA:270,0
DA:274,0
DA:275,0
DA:276,0
DA:277,0
DA:278,0
LF:101
LH:2
end_of_record
